<?xml version="1.0" encoding="UTF-8"?>
<testsuite xmlns:xsi="http://www.w3.org/2001/XMLSchema-instance" xsi:noNamespaceSchemaLocation="https://maven.apache.org/surefire/maven-surefire-plugin/xsd/surefire-test-report-3.0.xsd" version="3.0" name="be.ucll.integration.AnimalIntegrationTest" time="9.638" tests="3" errors="0" skipped="0" failures="0">
  <properties>
    <property name="java.specification.version" value="21"/>
    <property name="sun.cpu.isalist" value="amd64"/>
    <property name="sun.jnu.encoding" value="Cp1252"/>
    <property name="java.class.path" value="c:\Users\ikkiv\Desktop\UCLL\EersteJaar\Semester2\Back-End\Pony Examen Oefening\pony\target\test-classes;c:\Users\ikkiv\Desktop\UCLL\EersteJaar\Semester2\Back-End\Pony Examen Oefening\pony\target\classes;C:\Users\ikkiv\.m2\repository\org\springframework\boot\spring-boot-starter-actuator\3.2.6\spring-boot-starter-actuator-3.2.6.jar;C:\Users\ikkiv\.m2\repository\org\springframework\boot\spring-boot-starter\3.2.6\spring-boot-starter-3.2.6.jar;C:\Users\ikkiv\.m2\repository\org\springframework\boot\spring-boot-starter-logging\3.2.6\spring-boot-starter-logging-3.2.6.jar;C:\Users\ikkiv\.m2\repository\ch\qos\logback\logback-classic\1.4.14\logback-classic-1.4.14.jar;C:\Users\ikkiv\.m2\repository\ch\qos\logback\logback-core\1.4.14\logback-core-1.4.14.jar;C:\Users\ikkiv\.m2\repository\org\apache\logging\log4j\log4j-to-slf4j\2.21.1\log4j-to-slf4j-2.21.1.jar;C:\Users\ikkiv\.m2\repository\org\slf4j\jul-to-slf4j\2.0.13\jul-to-slf4j-2.0.13.jar;C:\Users\ikkiv\.m2\repository\org\yaml\snakeyaml\2.2\snakeyaml-2.2.jar;C:\Users\ikkiv\.m2\repository\org\springframework\boot\spring-boot-actuator-autoconfigure\3.2.6\spring-boot-actuator-autoconfigure-3.2.6.jar;C:\Users\ikkiv\.m2\repository\org\springframework\boot\spring-boot-actuator\3.2.6\spring-boot-actuator-3.2.6.jar;C:\Users\ikkiv\.m2\repository\com\fasterxml\jackson\core\jackson-databind\2.15.4\jackson-databind-2.15.4.jar;C:\Users\ikkiv\.m2\repository\com\fasterxml\jackson\core\jackson-annotations\2.15.4\jackson-annotations-2.15.4.jar;C:\Users\ikkiv\.m2\repository\com\fasterxml\jackson\datatype\jackson-datatype-jsr310\2.15.4\jackson-datatype-jsr310-2.15.4.jar;C:\Users\ikkiv\.m2\repository\io\micrometer\micrometer-observation\1.12.6\micrometer-observation-1.12.6.jar;C:\Users\ikkiv\.m2\repository\io\micrometer\micrometer-commons\1.12.6\micrometer-commons-1.12.6.jar;C:\Users\ikkiv\.m2\repository\io\micrometer\micrometer-jakarta9\1.12.6\micrometer-jakarta9-1.12.6.jar;C:\Users\ikkiv\.m2\repository\io\micrometer\micrometer-core\1.12.6\micrometer-core-1.12.6.jar;C:\Users\ikkiv\.m2\repository\org\latencyutils\LatencyUtils\2.0.3\LatencyUtils-2.0.3.jar;C:\Users\ikkiv\.m2\repository\org\springframework\boot\spring-boot-starter-web\3.2.6\spring-boot-starter-web-3.2.6.jar;C:\Users\ikkiv\.m2\repository\org\springframework\boot\spring-boot-starter-json\3.2.6\spring-boot-starter-json-3.2.6.jar;C:\Users\ikkiv\.m2\repository\com\fasterxml\jackson\datatype\jackson-datatype-jdk8\2.15.4\jackson-datatype-jdk8-2.15.4.jar;C:\Users\ikkiv\.m2\repository\com\fasterxml\jackson\module\jackson-module-parameter-names\2.15.4\jackson-module-parameter-names-2.15.4.jar;C:\Users\ikkiv\.m2\repository\org\springframework\spring-web\6.1.8\spring-web-6.1.8.jar;C:\Users\ikkiv\.m2\repository\org\springframework\spring-beans\6.1.8\spring-beans-6.1.8.jar;C:\Users\ikkiv\.m2\repository\org\springframework\spring-webmvc\6.1.8\spring-webmvc-6.1.8.jar;C:\Users\ikkiv\.m2\repository\org\springframework\spring-aop\6.1.8\spring-aop-6.1.8.jar;C:\Users\ikkiv\.m2\repository\org\springframework\spring-context\6.1.8\spring-context-6.1.8.jar;C:\Users\ikkiv\.m2\repository\org\springframework\spring-expression\6.1.8\spring-expression-6.1.8.jar;C:\Users\ikkiv\.m2\repository\org\springframework\boot\spring-boot-devtools\3.2.6\spring-boot-devtools-3.2.6.jar;C:\Users\ikkiv\.m2\repository\org\springframework\boot\spring-boot\3.2.6\spring-boot-3.2.6.jar;C:\Users\ikkiv\.m2\repository\org\springframework\boot\spring-boot-autoconfigure\3.2.6\spring-boot-autoconfigure-3.2.6.jar;C:\Users\ikkiv\.m2\repository\org\springframework\boot\spring-boot-starter-tomcat\3.2.6\spring-boot-starter-tomcat-3.2.6.jar;C:\Users\ikkiv\.m2\repository\jakarta\annotation\jakarta.annotation-api\2.1.1\jakarta.annotation-api-2.1.1.jar;C:\Users\ikkiv\.m2\repository\org\apache\tomcat\embed\tomcat-embed-core\10.1.24\tomcat-embed-core-10.1.24.jar;C:\Users\ikkiv\.m2\repository\org\apache\tomcat\embed\tomcat-embed-el\10.1.24\tomcat-embed-el-10.1.24.jar;C:\Users\ikkiv\.m2\repository\org\apache\tomcat\embed\tomcat-embed-websocket\10.1.24\tomcat-embed-websocket-10.1.24.jar;C:\Users\ikkiv\.m2\repository\org\elasticsearch\elasticsearch\7.3.0\elasticsearch-7.3.0.jar;C:\Users\ikkiv\.m2\repository\org\elasticsearch\elasticsearch-core\7.3.0\elasticsearch-core-7.3.0.jar;C:\Users\ikkiv\.m2\repository\org\elasticsearch\elasticsearch-secure-sm\7.3.0\elasticsearch-secure-sm-7.3.0.jar;C:\Users\ikkiv\.m2\repository\org\elasticsearch\elasticsearch-x-content\7.3.0\elasticsearch-x-content-7.3.0.jar;C:\Users\ikkiv\.m2\repository\com\fasterxml\jackson\core\jackson-core\2.15.4\jackson-core-2.15.4.jar;C:\Users\ikkiv\.m2\repository\com\fasterxml\jackson\dataformat\jackson-dataformat-smile\2.15.4\jackson-dataformat-smile-2.15.4.jar;C:\Users\ikkiv\.m2\repository\com\fasterxml\jackson\dataformat\jackson-dataformat-yaml\2.15.4\jackson-dataformat-yaml-2.15.4.jar;C:\Users\ikkiv\.m2\repository\com\fasterxml\jackson\dataformat\jackson-dataformat-cbor\2.15.4\jackson-dataformat-cbor-2.15.4.jar;C:\Users\ikkiv\.m2\repository\org\elasticsearch\elasticsearch-geo\7.3.0\elasticsearch-geo-7.3.0.jar;C:\Users\ikkiv\.m2\repository\org\apache\lucene\lucene-core\8.1.0\lucene-core-8.1.0.jar;C:\Users\ikkiv\.m2\repository\org\apache\lucene\lucene-analyzers-common\8.1.0\lucene-analyzers-common-8.1.0.jar;C:\Users\ikkiv\.m2\repository\org\apache\lucene\lucene-backward-codecs\8.1.0\lucene-backward-codecs-8.1.0.jar;C:\Users\ikkiv\.m2\repository\org\apache\lucene\lucene-grouping\8.1.0\lucene-grouping-8.1.0.jar;C:\Users\ikkiv\.m2\repository\org\apache\lucene\lucene-highlighter\8.1.0\lucene-highlighter-8.1.0.jar;C:\Users\ikkiv\.m2\repository\org\apache\lucene\lucene-join\8.1.0\lucene-join-8.1.0.jar;C:\Users\ikkiv\.m2\repository\org\apache\lucene\lucene-memory\8.1.0\lucene-memory-8.1.0.jar;C:\Users\ikkiv\.m2\repository\org\apache\lucene\lucene-misc\8.1.0\lucene-misc-8.1.0.jar;C:\Users\ikkiv\.m2\repository\org\apache\lucene\lucene-queries\8.1.0\lucene-queries-8.1.0.jar;C:\Users\ikkiv\.m2\repository\org\apache\lucene\lucene-queryparser\8.1.0\lucene-queryparser-8.1.0.jar;C:\Users\ikkiv\.m2\repository\org\apache\lucene\lucene-sandbox\8.1.0\lucene-sandbox-8.1.0.jar;C:\Users\ikkiv\.m2\repository\org\apache\lucene\lucene-spatial\8.1.0\lucene-spatial-8.1.0.jar;C:\Users\ikkiv\.m2\repository\org\apache\lucene\lucene-spatial-extras\8.1.0\lucene-spatial-extras-8.1.0.jar;C:\Users\ikkiv\.m2\repository\org\apache\lucene\lucene-spatial3d\8.1.0\lucene-spatial3d-8.1.0.jar;C:\Users\ikkiv\.m2\repository\org\apache\lucene\lucene-suggest\8.1.0\lucene-suggest-8.1.0.jar;C:\Users\ikkiv\.m2\repository\org\elasticsearch\elasticsearch-cli\7.3.0\elasticsearch-cli-7.3.0.jar;C:\Users\ikkiv\.m2\repository\net\sf\jopt-simple\jopt-simple\5.0.2\jopt-simple-5.0.2.jar;C:\Users\ikkiv\.m2\repository\com\carrotsearch\hppc\0.8.1\hppc-0.8.1.jar;C:\Users\ikkiv\.m2\repository\joda-time\joda-time\2.10.2\joda-time-2.10.2.jar;C:\Users\ikkiv\.m2\repository\com\tdunning\t-digest\3.2\t-digest-3.2.jar;C:\Users\ikkiv\.m2\repository\org\hdrhistogram\HdrHistogram\2.1.9\HdrHistogram-2.1.9.jar;C:\Users\ikkiv\.m2\repository\org\apache\logging\log4j\log4j-api\2.21.1\log4j-api-2.21.1.jar;C:\Users\ikkiv\.m2\repository\org\elasticsearch\jna\4.5.1\jna-4.5.1.jar;C:\Users\ikkiv\.m2\repository\org\springframework\boot\spring-boot-starter-test\3.2.6\spring-boot-starter-test-3.2.6.jar;C:\Users\ikkiv\.m2\repository\org\springframework\boot\spring-boot-test\3.2.6\spring-boot-test-3.2.6.jar;C:\Users\ikkiv\.m2\repository\org\springframework\boot\spring-boot-test-autoconfigure\3.2.6\spring-boot-test-autoconfigure-3.2.6.jar;C:\Users\ikkiv\.m2\repository\com\jayway\jsonpath\json-path\2.9.0\json-path-2.9.0.jar;C:\Users\ikkiv\.m2\repository\org\slf4j\slf4j-api\2.0.13\slf4j-api-2.0.13.jar;C:\Users\ikkiv\.m2\repository\jakarta\xml\bind\jakarta.xml.bind-api\4.0.2\jakarta.xml.bind-api-4.0.2.jar;C:\Users\ikkiv\.m2\repository\jakarta\activation\jakarta.activation-api\2.1.3\jakarta.activation-api-2.1.3.jar;C:\Users\ikkiv\.m2\repository\net\minidev\json-smart\2.5.1\json-smart-2.5.1.jar;C:\Users\ikkiv\.m2\repository\net\minidev\accessors-smart\2.5.1\accessors-smart-2.5.1.jar;C:\Users\ikkiv\.m2\repository\org\ow2\asm\asm\9.6\asm-9.6.jar;C:\Users\ikkiv\.m2\repository\org\assertj\assertj-core\3.24.2\assertj-core-3.24.2.jar;C:\Users\ikkiv\.m2\repository\net\bytebuddy\byte-buddy\1.14.16\byte-buddy-1.14.16.jar;C:\Users\ikkiv\.m2\repository\org\awaitility\awaitility\4.2.1\awaitility-4.2.1.jar;C:\Users\ikkiv\.m2\repository\org\hamcrest\hamcrest\2.2\hamcrest-2.2.jar;C:\Users\ikkiv\.m2\repository\org\junit\jupiter\junit-jupiter\5.10.2\junit-jupiter-5.10.2.jar;C:\Users\ikkiv\.m2\repository\org\junit\jupiter\junit-jupiter-api\5.10.2\junit-jupiter-api-5.10.2.jar;C:\Users\ikkiv\.m2\repository\org\opentest4j\opentest4j\1.3.0\opentest4j-1.3.0.jar;C:\Users\ikkiv\.m2\repository\org\junit\platform\junit-platform-commons\1.10.2\junit-platform-commons-1.10.2.jar;C:\Users\ikkiv\.m2\repository\org\apiguardian\apiguardian-api\1.1.2\apiguardian-api-1.1.2.jar;C:\Users\ikkiv\.m2\repository\org\junit\jupiter\junit-jupiter-params\5.10.2\junit-jupiter-params-5.10.2.jar;C:\Users\ikkiv\.m2\repository\org\junit\jupiter\junit-jupiter-engine\5.10.2\junit-jupiter-engine-5.10.2.jar;C:\Users\ikkiv\.m2\repository\org\junit\platform\junit-platform-engine\1.10.2\junit-platform-engine-1.10.2.jar;C:\Users\ikkiv\.m2\repository\org\mockito\mockito-core\5.7.0\mockito-core-5.7.0.jar;C:\Users\ikkiv\.m2\repository\net\bytebuddy\byte-buddy-agent\1.14.16\byte-buddy-agent-1.14.16.jar;C:\Users\ikkiv\.m2\repository\org\objenesis\objenesis\3.3\objenesis-3.3.jar;C:\Users\ikkiv\.m2\repository\org\mockito\mockito-junit-jupiter\5.7.0\mockito-junit-jupiter-5.7.0.jar;C:\Users\ikkiv\.m2\repository\org\skyscreamer\jsonassert\1.5.1\jsonassert-1.5.1.jar;C:\Users\ikkiv\.m2\repository\com\vaadin\external\google\android-json\0.0.20131108.vaadin1\android-json-0.0.20131108.vaadin1.jar;C:\Users\ikkiv\.m2\repository\org\springframework\spring-core\6.1.8\spring-core-6.1.8.jar;C:\Users\ikkiv\.m2\repository\org\springframework\spring-jcl\6.1.8\spring-jcl-6.1.8.jar;C:\Users\ikkiv\.m2\repository\org\springframework\spring-test\6.1.8\spring-test-6.1.8.jar;C:\Users\ikkiv\.m2\repository\org\xmlunit\xmlunit-core\2.9.1\xmlunit-core-2.9.1.jar;C:\Users\ikkiv\.m2\repository\org\springframework\boot\spring-boot-starter-webflux\3.2.6\spring-boot-starter-webflux-3.2.6.jar;C:\Users\ikkiv\.m2\repository\org\springframework\boot\spring-boot-starter-reactor-netty\3.2.6\spring-boot-starter-reactor-netty-3.2.6.jar;C:\Users\ikkiv\.m2\repository\io\projectreactor\netty\reactor-netty-http\1.1.19\reactor-netty-http-1.1.19.jar;C:\Users\ikkiv\.m2\repository\io\netty\netty-codec-http\4.1.110.Final\netty-codec-http-4.1.110.Final.jar;C:\Users\ikkiv\.m2\repository\io\netty\netty-common\4.1.110.Final\netty-common-4.1.110.Final.jar;C:\Users\ikkiv\.m2\repository\io\netty\netty-buffer\4.1.110.Final\netty-buffer-4.1.110.Final.jar;C:\Users\ikkiv\.m2\repository\io\netty\netty-transport\4.1.110.Final\netty-transport-4.1.110.Final.jar;C:\Users\ikkiv\.m2\repository\io\netty\netty-codec\4.1.110.Final\netty-codec-4.1.110.Final.jar;C:\Users\ikkiv\.m2\repository\io\netty\netty-handler\4.1.110.Final\netty-handler-4.1.110.Final.jar;C:\Users\ikkiv\.m2\repository\io\netty\netty-codec-http2\4.1.110.Final\netty-codec-http2-4.1.110.Final.jar;C:\Users\ikkiv\.m2\repository\io\netty\netty-resolver-dns\4.1.110.Final\netty-resolver-dns-4.1.110.Final.jar;C:\Users\ikkiv\.m2\repository\io\netty\netty-resolver\4.1.110.Final\netty-resolver-4.1.110.Final.jar;C:\Users\ikkiv\.m2\repository\io\netty\netty-codec-dns\4.1.110.Final\netty-codec-dns-4.1.110.Final.jar;C:\Users\ikkiv\.m2\repository\io\netty\netty-resolver-dns-native-macos\4.1.110.Final\netty-resolver-dns-native-macos-4.1.110.Final-osx-x86_64.jar;C:\Users\ikkiv\.m2\repository\io\netty\netty-resolver-dns-classes-macos\4.1.110.Final\netty-resolver-dns-classes-macos-4.1.110.Final.jar;C:\Users\ikkiv\.m2\repository\io\netty\netty-transport-native-epoll\4.1.110.Final\netty-transport-native-epoll-4.1.110.Final-linux-x86_64.jar;C:\Users\ikkiv\.m2\repository\io\netty\netty-transport-native-unix-common\4.1.110.Final\netty-transport-native-unix-common-4.1.110.Final.jar;C:\Users\ikkiv\.m2\repository\io\netty\netty-transport-classes-epoll\4.1.110.Final\netty-transport-classes-epoll-4.1.110.Final.jar;C:\Users\ikkiv\.m2\repository\io\projectreactor\netty\reactor-netty-core\1.1.19\reactor-netty-core-1.1.19.jar;C:\Users\ikkiv\.m2\repository\io\netty\netty-handler-proxy\4.1.110.Final\netty-handler-proxy-4.1.110.Final.jar;C:\Users\ikkiv\.m2\repository\io\netty\netty-codec-socks\4.1.110.Final\netty-codec-socks-4.1.110.Final.jar;C:\Users\ikkiv\.m2\repository\org\springframework\spring-webflux\6.1.8\spring-webflux-6.1.8.jar;C:\Users\ikkiv\.m2\repository\io\projectreactor\reactor-core\3.6.6\reactor-core-3.6.6.jar;C:\Users\ikkiv\.m2\repository\org\reactivestreams\reactive-streams\1.0.4\reactive-streams-1.0.4.jar;C:\Users\ikkiv\.m2\repository\org\hibernate\validator\hibernate-validator\8.0.1.Final\hibernate-validator-8.0.1.Final.jar;C:\Users\ikkiv\.m2\repository\jakarta\validation\jakarta.validation-api\3.0.2\jakarta.validation-api-3.0.2.jar;C:\Users\ikkiv\.m2\repository\org\jboss\logging\jboss-logging\3.5.3.Final\jboss-logging-3.5.3.Final.jar;C:\Users\ikkiv\.m2\repository\com\fasterxml\classmate\1.6.0\classmate-1.6.0.jar;C:\Users\ikkiv\.m2\repository\org\springframework\boot\spring-boot-starter-data-jdbc\3.2.6\spring-boot-starter-data-jdbc-3.2.6.jar;C:\Users\ikkiv\.m2\repository\org\springframework\boot\spring-boot-starter-jdbc\3.2.6\spring-boot-starter-jdbc-3.2.6.jar;C:\Users\ikkiv\.m2\repository\com\zaxxer\HikariCP\5.0.1\HikariCP-5.0.1.jar;C:\Users\ikkiv\.m2\repository\org\springframework\spring-jdbc\6.1.8\spring-jdbc-6.1.8.jar;C:\Users\ikkiv\.m2\repository\org\springframework\data\spring-data-jdbc\3.2.6\spring-data-jdbc-3.2.6.jar;C:\Users\ikkiv\.m2\repository\org\springframework\data\spring-data-relational\3.2.6\spring-data-relational-3.2.6.jar;C:\Users\ikkiv\.m2\repository\com\github\jsqlparser\jsqlparser\4.6\jsqlparser-4.6.jar;C:\Users\ikkiv\.m2\repository\org\springframework\data\spring-data-commons\3.2.6\spring-data-commons-3.2.6.jar;C:\Users\ikkiv\.m2\repository\org\springframework\spring-tx\6.1.8\spring-tx-6.1.8.jar;C:\Users\ikkiv\.m2\repository\com\h2database\h2\2.2.224\h2-2.2.224.jar;C:\Users\ikkiv\.m2\repository\org\springframework\boot\spring-boot-starter-data-jpa\3.2.6\spring-boot-starter-data-jpa-3.2.6.jar;C:\Users\ikkiv\.m2\repository\org\springframework\boot\spring-boot-starter-aop\3.2.6\spring-boot-starter-aop-3.2.6.jar;C:\Users\ikkiv\.m2\repository\org\aspectj\aspectjweaver\1.9.22\aspectjweaver-1.9.22.jar;C:\Users\ikkiv\.m2\repository\org\hibernate\orm\hibernate-core\6.4.8.Final\hibernate-core-6.4.8.Final.jar;C:\Users\ikkiv\.m2\repository\jakarta\persistence\jakarta.persistence-api\3.1.0\jakarta.persistence-api-3.1.0.jar;C:\Users\ikkiv\.m2\repository\jakarta\transaction\jakarta.transaction-api\2.0.1\jakarta.transaction-api-2.0.1.jar;C:\Users\ikkiv\.m2\repository\org\hibernate\common\hibernate-commons-annotations\6.0.6.Final\hibernate-commons-annotations-6.0.6.Final.jar;C:\Users\ikkiv\.m2\repository\io\smallrye\jandex\3.1.2\jandex-3.1.2.jar;C:\Users\ikkiv\.m2\repository\org\glassfish\jaxb\jaxb-runtime\4.0.5\jaxb-runtime-4.0.5.jar;C:\Users\ikkiv\.m2\repository\org\glassfish\jaxb\jaxb-core\4.0.5\jaxb-core-4.0.5.jar;C:\Users\ikkiv\.m2\repository\org\eclipse\angus\angus-activation\2.0.2\angus-activation-2.0.2.jar;C:\Users\ikkiv\.m2\repository\org\glassfish\jaxb\txw2\4.0.5\txw2-4.0.5.jar;C:\Users\ikkiv\.m2\repository\com\sun\istack\istack-commons-runtime\4.1.2\istack-commons-runtime-4.1.2.jar;C:\Users\ikkiv\.m2\repository\jakarta\inject\jakarta.inject-api\2.0.1\jakarta.inject-api-2.0.1.jar;C:\Users\ikkiv\.m2\repository\org\antlr\antlr4-runtime\4.13.0\antlr4-runtime-4.13.0.jar;C:\Users\ikkiv\.m2\repository\org\springframework\data\spring-data-jpa\3.2.6\spring-data-jpa-3.2.6.jar;C:\Users\ikkiv\.m2\repository\org\springframework\spring-orm\6.1.8\spring-orm-6.1.8.jar;C:\Users\ikkiv\.m2\repository\org\springframework\spring-aspects\6.1.8\spring-aspects-6.1.8.jar;"/>
    <property name="java.vm.vendor" value="Amazon.com Inc."/>
    <property name="sun.arch.data.model" value="64"/>
    <property name="user.variant" value=""/>
    <property name="catalina.useNaming" value="false"/>
    <property name="java.vendor.url" value="https://aws.amazon.com/corretto/"/>
    <property name="user.timezone" value="Europe/Brussels"/>
    <property name="org.jboss.logging.provider" value="slf4j"/>
    <property name="user.country.format" value="BE"/>
    <property name="os.name" value="Windows 11"/>
    <property name="java.vm.specification.version" value="21"/>
    <property name="sun.java.launcher" value="SUN_STANDARD"/>
    <property name="user.country" value="US"/>
    <property name="sun.boot.library.path" value="C:\Program Files\Amazon Corretto\jdk21.0.2_13\bin"/>
    <property name="sun.java.command" value="C:\Users\ikkiv\AppData\Local\Temp\surefire14849724756349856142\surefirebooter-20240609151557635_3.jar C:\Users\ikkiv\AppData\Local\Temp\surefire14849724756349856142 2024-06-09T15-15-57_525-jvmRun1 surefire-20240609151557635_1tmp surefire_0-20240609151557635_2tmp"/>
    <property name="jdk.debug" value="release"/>
    <property name="surefire.test.class.path" value="c:\Users\ikkiv\Desktop\UCLL\EersteJaar\Semester2\Back-End\Pony Examen Oefening\pony\target\test-classes;c:\Users\ikkiv\Desktop\UCLL\EersteJaar\Semester2\Back-End\Pony Examen Oefening\pony\target\classes;C:\Users\ikkiv\.m2\repository\org\springframework\boot\spring-boot-starter-actuator\3.2.6\spring-boot-starter-actuator-3.2.6.jar;C:\Users\ikkiv\.m2\repository\org\springframework\boot\spring-boot-starter\3.2.6\spring-boot-starter-3.2.6.jar;C:\Users\ikkiv\.m2\repository\org\springframework\boot\spring-boot-starter-logging\3.2.6\spring-boot-starter-logging-3.2.6.jar;C:\Users\ikkiv\.m2\repository\ch\qos\logback\logback-classic\1.4.14\logback-classic-1.4.14.jar;C:\Users\ikkiv\.m2\repository\ch\qos\logback\logback-core\1.4.14\logback-core-1.4.14.jar;C:\Users\ikkiv\.m2\repository\org\apache\logging\log4j\log4j-to-slf4j\2.21.1\log4j-to-slf4j-2.21.1.jar;C:\Users\ikkiv\.m2\repository\org\slf4j\jul-to-slf4j\2.0.13\jul-to-slf4j-2.0.13.jar;C:\Users\ikkiv\.m2\repository\org\yaml\snakeyaml\2.2\snakeyaml-2.2.jar;C:\Users\ikkiv\.m2\repository\org\springframework\boot\spring-boot-actuator-autoconfigure\3.2.6\spring-boot-actuator-autoconfigure-3.2.6.jar;C:\Users\ikkiv\.m2\repository\org\springframework\boot\spring-boot-actuator\3.2.6\spring-boot-actuator-3.2.6.jar;C:\Users\ikkiv\.m2\repository\com\fasterxml\jackson\core\jackson-databind\2.15.4\jackson-databind-2.15.4.jar;C:\Users\ikkiv\.m2\repository\com\fasterxml\jackson\core\jackson-annotations\2.15.4\jackson-annotations-2.15.4.jar;C:\Users\ikkiv\.m2\repository\com\fasterxml\jackson\datatype\jackson-datatype-jsr310\2.15.4\jackson-datatype-jsr310-2.15.4.jar;C:\Users\ikkiv\.m2\repository\io\micrometer\micrometer-observation\1.12.6\micrometer-observation-1.12.6.jar;C:\Users\ikkiv\.m2\repository\io\micrometer\micrometer-commons\1.12.6\micrometer-commons-1.12.6.jar;C:\Users\ikkiv\.m2\repository\io\micrometer\micrometer-jakarta9\1.12.6\micrometer-jakarta9-1.12.6.jar;C:\Users\ikkiv\.m2\repository\io\micrometer\micrometer-core\1.12.6\micrometer-core-1.12.6.jar;C:\Users\ikkiv\.m2\repository\org\latencyutils\LatencyUtils\2.0.3\LatencyUtils-2.0.3.jar;C:\Users\ikkiv\.m2\repository\org\springframework\boot\spring-boot-starter-web\3.2.6\spring-boot-starter-web-3.2.6.jar;C:\Users\ikkiv\.m2\repository\org\springframework\boot\spring-boot-starter-json\3.2.6\spring-boot-starter-json-3.2.6.jar;C:\Users\ikkiv\.m2\repository\com\fasterxml\jackson\datatype\jackson-datatype-jdk8\2.15.4\jackson-datatype-jdk8-2.15.4.jar;C:\Users\ikkiv\.m2\repository\com\fasterxml\jackson\module\jackson-module-parameter-names\2.15.4\jackson-module-parameter-names-2.15.4.jar;C:\Users\ikkiv\.m2\repository\org\springframework\spring-web\6.1.8\spring-web-6.1.8.jar;C:\Users\ikkiv\.m2\repository\org\springframework\spring-beans\6.1.8\spring-beans-6.1.8.jar;C:\Users\ikkiv\.m2\repository\org\springframework\spring-webmvc\6.1.8\spring-webmvc-6.1.8.jar;C:\Users\ikkiv\.m2\repository\org\springframework\spring-aop\6.1.8\spring-aop-6.1.8.jar;C:\Users\ikkiv\.m2\repository\org\springframework\spring-context\6.1.8\spring-context-6.1.8.jar;C:\Users\ikkiv\.m2\repository\org\springframework\spring-expression\6.1.8\spring-expression-6.1.8.jar;C:\Users\ikkiv\.m2\repository\org\springframework\boot\spring-boot-devtools\3.2.6\spring-boot-devtools-3.2.6.jar;C:\Users\ikkiv\.m2\repository\org\springframework\boot\spring-boot\3.2.6\spring-boot-3.2.6.jar;C:\Users\ikkiv\.m2\repository\org\springframework\boot\spring-boot-autoconfigure\3.2.6\spring-boot-autoconfigure-3.2.6.jar;C:\Users\ikkiv\.m2\repository\org\springframework\boot\spring-boot-starter-tomcat\3.2.6\spring-boot-starter-tomcat-3.2.6.jar;C:\Users\ikkiv\.m2\repository\jakarta\annotation\jakarta.annotation-api\2.1.1\jakarta.annotation-api-2.1.1.jar;C:\Users\ikkiv\.m2\repository\org\apache\tomcat\embed\tomcat-embed-core\10.1.24\tomcat-embed-core-10.1.24.jar;C:\Users\ikkiv\.m2\repository\org\apache\tomcat\embed\tomcat-embed-el\10.1.24\tomcat-embed-el-10.1.24.jar;C:\Users\ikkiv\.m2\repository\org\apache\tomcat\embed\tomcat-embed-websocket\10.1.24\tomcat-embed-websocket-10.1.24.jar;C:\Users\ikkiv\.m2\repository\org\elasticsearch\elasticsearch\7.3.0\elasticsearch-7.3.0.jar;C:\Users\ikkiv\.m2\repository\org\elasticsearch\elasticsearch-core\7.3.0\elasticsearch-core-7.3.0.jar;C:\Users\ikkiv\.m2\repository\org\elasticsearch\elasticsearch-secure-sm\7.3.0\elasticsearch-secure-sm-7.3.0.jar;C:\Users\ikkiv\.m2\repository\org\elasticsearch\elasticsearch-x-content\7.3.0\elasticsearch-x-content-7.3.0.jar;C:\Users\ikkiv\.m2\repository\com\fasterxml\jackson\core\jackson-core\2.15.4\jackson-core-2.15.4.jar;C:\Users\ikkiv\.m2\repository\com\fasterxml\jackson\dataformat\jackson-dataformat-smile\2.15.4\jackson-dataformat-smile-2.15.4.jar;C:\Users\ikkiv\.m2\repository\com\fasterxml\jackson\dataformat\jackson-dataformat-yaml\2.15.4\jackson-dataformat-yaml-2.15.4.jar;C:\Users\ikkiv\.m2\repository\com\fasterxml\jackson\dataformat\jackson-dataformat-cbor\2.15.4\jackson-dataformat-cbor-2.15.4.jar;C:\Users\ikkiv\.m2\repository\org\elasticsearch\elasticsearch-geo\7.3.0\elasticsearch-geo-7.3.0.jar;C:\Users\ikkiv\.m2\repository\org\apache\lucene\lucene-core\8.1.0\lucene-core-8.1.0.jar;C:\Users\ikkiv\.m2\repository\org\apache\lucene\lucene-analyzers-common\8.1.0\lucene-analyzers-common-8.1.0.jar;C:\Users\ikkiv\.m2\repository\org\apache\lucene\lucene-backward-codecs\8.1.0\lucene-backward-codecs-8.1.0.jar;C:\Users\ikkiv\.m2\repository\org\apache\lucene\lucene-grouping\8.1.0\lucene-grouping-8.1.0.jar;C:\Users\ikkiv\.m2\repository\org\apache\lucene\lucene-highlighter\8.1.0\lucene-highlighter-8.1.0.jar;C:\Users\ikkiv\.m2\repository\org\apache\lucene\lucene-join\8.1.0\lucene-join-8.1.0.jar;C:\Users\ikkiv\.m2\repository\org\apache\lucene\lucene-memory\8.1.0\lucene-memory-8.1.0.jar;C:\Users\ikkiv\.m2\repository\org\apache\lucene\lucene-misc\8.1.0\lucene-misc-8.1.0.jar;C:\Users\ikkiv\.m2\repository\org\apache\lucene\lucene-queries\8.1.0\lucene-queries-8.1.0.jar;C:\Users\ikkiv\.m2\repository\org\apache\lucene\lucene-queryparser\8.1.0\lucene-queryparser-8.1.0.jar;C:\Users\ikkiv\.m2\repository\org\apache\lucene\lucene-sandbox\8.1.0\lucene-sandbox-8.1.0.jar;C:\Users\ikkiv\.m2\repository\org\apache\lucene\lucene-spatial\8.1.0\lucene-spatial-8.1.0.jar;C:\Users\ikkiv\.m2\repository\org\apache\lucene\lucene-spatial-extras\8.1.0\lucene-spatial-extras-8.1.0.jar;C:\Users\ikkiv\.m2\repository\org\apache\lucene\lucene-spatial3d\8.1.0\lucene-spatial3d-8.1.0.jar;C:\Users\ikkiv\.m2\repository\org\apache\lucene\lucene-suggest\8.1.0\lucene-suggest-8.1.0.jar;C:\Users\ikkiv\.m2\repository\org\elasticsearch\elasticsearch-cli\7.3.0\elasticsearch-cli-7.3.0.jar;C:\Users\ikkiv\.m2\repository\net\sf\jopt-simple\jopt-simple\5.0.2\jopt-simple-5.0.2.jar;C:\Users\ikkiv\.m2\repository\com\carrotsearch\hppc\0.8.1\hppc-0.8.1.jar;C:\Users\ikkiv\.m2\repository\joda-time\joda-time\2.10.2\joda-time-2.10.2.jar;C:\Users\ikkiv\.m2\repository\com\tdunning\t-digest\3.2\t-digest-3.2.jar;C:\Users\ikkiv\.m2\repository\org\hdrhistogram\HdrHistogram\2.1.9\HdrHistogram-2.1.9.jar;C:\Users\ikkiv\.m2\repository\org\apache\logging\log4j\log4j-api\2.21.1\log4j-api-2.21.1.jar;C:\Users\ikkiv\.m2\repository\org\elasticsearch\jna\4.5.1\jna-4.5.1.jar;C:\Users\ikkiv\.m2\repository\org\springframework\boot\spring-boot-starter-test\3.2.6\spring-boot-starter-test-3.2.6.jar;C:\Users\ikkiv\.m2\repository\org\springframework\boot\spring-boot-test\3.2.6\spring-boot-test-3.2.6.jar;C:\Users\ikkiv\.m2\repository\org\springframework\boot\spring-boot-test-autoconfigure\3.2.6\spring-boot-test-autoconfigure-3.2.6.jar;C:\Users\ikkiv\.m2\repository\com\jayway\jsonpath\json-path\2.9.0\json-path-2.9.0.jar;C:\Users\ikkiv\.m2\repository\org\slf4j\slf4j-api\2.0.13\slf4j-api-2.0.13.jar;C:\Users\ikkiv\.m2\repository\jakarta\xml\bind\jakarta.xml.bind-api\4.0.2\jakarta.xml.bind-api-4.0.2.jar;C:\Users\ikkiv\.m2\repository\jakarta\activation\jakarta.activation-api\2.1.3\jakarta.activation-api-2.1.3.jar;C:\Users\ikkiv\.m2\repository\net\minidev\json-smart\2.5.1\json-smart-2.5.1.jar;C:\Users\ikkiv\.m2\repository\net\minidev\accessors-smart\2.5.1\accessors-smart-2.5.1.jar;C:\Users\ikkiv\.m2\repository\org\ow2\asm\asm\9.6\asm-9.6.jar;C:\Users\ikkiv\.m2\repository\org\assertj\assertj-core\3.24.2\assertj-core-3.24.2.jar;C:\Users\ikkiv\.m2\repository\net\bytebuddy\byte-buddy\1.14.16\byte-buddy-1.14.16.jar;C:\Users\ikkiv\.m2\repository\org\awaitility\awaitility\4.2.1\awaitility-4.2.1.jar;C:\Users\ikkiv\.m2\repository\org\hamcrest\hamcrest\2.2\hamcrest-2.2.jar;C:\Users\ikkiv\.m2\repository\org\junit\jupiter\junit-jupiter\5.10.2\junit-jupiter-5.10.2.jar;C:\Users\ikkiv\.m2\repository\org\junit\jupiter\junit-jupiter-api\5.10.2\junit-jupiter-api-5.10.2.jar;C:\Users\ikkiv\.m2\repository\org\opentest4j\opentest4j\1.3.0\opentest4j-1.3.0.jar;C:\Users\ikkiv\.m2\repository\org\junit\platform\junit-platform-commons\1.10.2\junit-platform-commons-1.10.2.jar;C:\Users\ikkiv\.m2\repository\org\apiguardian\apiguardian-api\1.1.2\apiguardian-api-1.1.2.jar;C:\Users\ikkiv\.m2\repository\org\junit\jupiter\junit-jupiter-params\5.10.2\junit-jupiter-params-5.10.2.jar;C:\Users\ikkiv\.m2\repository\org\junit\jupiter\junit-jupiter-engine\5.10.2\junit-jupiter-engine-5.10.2.jar;C:\Users\ikkiv\.m2\repository\org\junit\platform\junit-platform-engine\1.10.2\junit-platform-engine-1.10.2.jar;C:\Users\ikkiv\.m2\repository\org\mockito\mockito-core\5.7.0\mockito-core-5.7.0.jar;C:\Users\ikkiv\.m2\repository\net\bytebuddy\byte-buddy-agent\1.14.16\byte-buddy-agent-1.14.16.jar;C:\Users\ikkiv\.m2\repository\org\objenesis\objenesis\3.3\objenesis-3.3.jar;C:\Users\ikkiv\.m2\repository\org\mockito\mockito-junit-jupiter\5.7.0\mockito-junit-jupiter-5.7.0.jar;C:\Users\ikkiv\.m2\repository\org\skyscreamer\jsonassert\1.5.1\jsonassert-1.5.1.jar;C:\Users\ikkiv\.m2\repository\com\vaadin\external\google\android-json\0.0.20131108.vaadin1\android-json-0.0.20131108.vaadin1.jar;C:\Users\ikkiv\.m2\repository\org\springframework\spring-core\6.1.8\spring-core-6.1.8.jar;C:\Users\ikkiv\.m2\repository\org\springframework\spring-jcl\6.1.8\spring-jcl-6.1.8.jar;C:\Users\ikkiv\.m2\repository\org\springframework\spring-test\6.1.8\spring-test-6.1.8.jar;C:\Users\ikkiv\.m2\repository\org\xmlunit\xmlunit-core\2.9.1\xmlunit-core-2.9.1.jar;C:\Users\ikkiv\.m2\repository\org\springframework\boot\spring-boot-starter-webflux\3.2.6\spring-boot-starter-webflux-3.2.6.jar;C:\Users\ikkiv\.m2\repository\org\springframework\boot\spring-boot-starter-reactor-netty\3.2.6\spring-boot-starter-reactor-netty-3.2.6.jar;C:\Users\ikkiv\.m2\repository\io\projectreactor\netty\reactor-netty-http\1.1.19\reactor-netty-http-1.1.19.jar;C:\Users\ikkiv\.m2\repository\io\netty\netty-codec-http\4.1.110.Final\netty-codec-http-4.1.110.Final.jar;C:\Users\ikkiv\.m2\repository\io\netty\netty-common\4.1.110.Final\netty-common-4.1.110.Final.jar;C:\Users\ikkiv\.m2\repository\io\netty\netty-buffer\4.1.110.Final\netty-buffer-4.1.110.Final.jar;C:\Users\ikkiv\.m2\repository\io\netty\netty-transport\4.1.110.Final\netty-transport-4.1.110.Final.jar;C:\Users\ikkiv\.m2\repository\io\netty\netty-codec\4.1.110.Final\netty-codec-4.1.110.Final.jar;C:\Users\ikkiv\.m2\repository\io\netty\netty-handler\4.1.110.Final\netty-handler-4.1.110.Final.jar;C:\Users\ikkiv\.m2\repository\io\netty\netty-codec-http2\4.1.110.Final\netty-codec-http2-4.1.110.Final.jar;C:\Users\ikkiv\.m2\repository\io\netty\netty-resolver-dns\4.1.110.Final\netty-resolver-dns-4.1.110.Final.jar;C:\Users\ikkiv\.m2\repository\io\netty\netty-resolver\4.1.110.Final\netty-resolver-4.1.110.Final.jar;C:\Users\ikkiv\.m2\repository\io\netty\netty-codec-dns\4.1.110.Final\netty-codec-dns-4.1.110.Final.jar;C:\Users\ikkiv\.m2\repository\io\netty\netty-resolver-dns-native-macos\4.1.110.Final\netty-resolver-dns-native-macos-4.1.110.Final-osx-x86_64.jar;C:\Users\ikkiv\.m2\repository\io\netty\netty-resolver-dns-classes-macos\4.1.110.Final\netty-resolver-dns-classes-macos-4.1.110.Final.jar;C:\Users\ikkiv\.m2\repository\io\netty\netty-transport-native-epoll\4.1.110.Final\netty-transport-native-epoll-4.1.110.Final-linux-x86_64.jar;C:\Users\ikkiv\.m2\repository\io\netty\netty-transport-native-unix-common\4.1.110.Final\netty-transport-native-unix-common-4.1.110.Final.jar;C:\Users\ikkiv\.m2\repository\io\netty\netty-transport-classes-epoll\4.1.110.Final\netty-transport-classes-epoll-4.1.110.Final.jar;C:\Users\ikkiv\.m2\repository\io\projectreactor\netty\reactor-netty-core\1.1.19\reactor-netty-core-1.1.19.jar;C:\Users\ikkiv\.m2\repository\io\netty\netty-handler-proxy\4.1.110.Final\netty-handler-proxy-4.1.110.Final.jar;C:\Users\ikkiv\.m2\repository\io\netty\netty-codec-socks\4.1.110.Final\netty-codec-socks-4.1.110.Final.jar;C:\Users\ikkiv\.m2\repository\org\springframework\spring-webflux\6.1.8\spring-webflux-6.1.8.jar;C:\Users\ikkiv\.m2\repository\io\projectreactor\reactor-core\3.6.6\reactor-core-3.6.6.jar;C:\Users\ikkiv\.m2\repository\org\reactivestreams\reactive-streams\1.0.4\reactive-streams-1.0.4.jar;C:\Users\ikkiv\.m2\repository\org\hibernate\validator\hibernate-validator\8.0.1.Final\hibernate-validator-8.0.1.Final.jar;C:\Users\ikkiv\.m2\repository\jakarta\validation\jakarta.validation-api\3.0.2\jakarta.validation-api-3.0.2.jar;C:\Users\ikkiv\.m2\repository\org\jboss\logging\jboss-logging\3.5.3.Final\jboss-logging-3.5.3.Final.jar;C:\Users\ikkiv\.m2\repository\com\fasterxml\classmate\1.6.0\classmate-1.6.0.jar;C:\Users\ikkiv\.m2\repository\org\springframework\boot\spring-boot-starter-data-jdbc\3.2.6\spring-boot-starter-data-jdbc-3.2.6.jar;C:\Users\ikkiv\.m2\repository\org\springframework\boot\spring-boot-starter-jdbc\3.2.6\spring-boot-starter-jdbc-3.2.6.jar;C:\Users\ikkiv\.m2\repository\com\zaxxer\HikariCP\5.0.1\HikariCP-5.0.1.jar;C:\Users\ikkiv\.m2\repository\org\springframework\spring-jdbc\6.1.8\spring-jdbc-6.1.8.jar;C:\Users\ikkiv\.m2\repository\org\springframework\data\spring-data-jdbc\3.2.6\spring-data-jdbc-3.2.6.jar;C:\Users\ikkiv\.m2\repository\org\springframework\data\spring-data-relational\3.2.6\spring-data-relational-3.2.6.jar;C:\Users\ikkiv\.m2\repository\com\github\jsqlparser\jsqlparser\4.6\jsqlparser-4.6.jar;C:\Users\ikkiv\.m2\repository\org\springframework\data\spring-data-commons\3.2.6\spring-data-commons-3.2.6.jar;C:\Users\ikkiv\.m2\repository\org\springframework\spring-tx\6.1.8\spring-tx-6.1.8.jar;C:\Users\ikkiv\.m2\repository\com\h2database\h2\2.2.224\h2-2.2.224.jar;C:\Users\ikkiv\.m2\repository\org\springframework\boot\spring-boot-starter-data-jpa\3.2.6\spring-boot-starter-data-jpa-3.2.6.jar;C:\Users\ikkiv\.m2\repository\org\springframework\boot\spring-boot-starter-aop\3.2.6\spring-boot-starter-aop-3.2.6.jar;C:\Users\ikkiv\.m2\repository\org\aspectj\aspectjweaver\1.9.22\aspectjweaver-1.9.22.jar;C:\Users\ikkiv\.m2\repository\org\hibernate\orm\hibernate-core\6.4.8.Final\hibernate-core-6.4.8.Final.jar;C:\Users\ikkiv\.m2\repository\jakarta\persistence\jakarta.persistence-api\3.1.0\jakarta.persistence-api-3.1.0.jar;C:\Users\ikkiv\.m2\repository\jakarta\transaction\jakarta.transaction-api\2.0.1\jakarta.transaction-api-2.0.1.jar;C:\Users\ikkiv\.m2\repository\org\hibernate\common\hibernate-commons-annotations\6.0.6.Final\hibernate-commons-annotations-6.0.6.Final.jar;C:\Users\ikkiv\.m2\repository\io\smallrye\jandex\3.1.2\jandex-3.1.2.jar;C:\Users\ikkiv\.m2\repository\org\glassfish\jaxb\jaxb-runtime\4.0.5\jaxb-runtime-4.0.5.jar;C:\Users\ikkiv\.m2\repository\org\glassfish\jaxb\jaxb-core\4.0.5\jaxb-core-4.0.5.jar;C:\Users\ikkiv\.m2\repository\org\eclipse\angus\angus-activation\2.0.2\angus-activation-2.0.2.jar;C:\Users\ikkiv\.m2\repository\org\glassfish\jaxb\txw2\4.0.5\txw2-4.0.5.jar;C:\Users\ikkiv\.m2\repository\com\sun\istack\istack-commons-runtime\4.1.2\istack-commons-runtime-4.1.2.jar;C:\Users\ikkiv\.m2\repository\jakarta\inject\jakarta.inject-api\2.0.1\jakarta.inject-api-2.0.1.jar;C:\Users\ikkiv\.m2\repository\org\antlr\antlr4-runtime\4.13.0\antlr4-runtime-4.13.0.jar;C:\Users\ikkiv\.m2\repository\org\springframework\data\spring-data-jpa\3.2.6\spring-data-jpa-3.2.6.jar;C:\Users\ikkiv\.m2\repository\org\springframework\spring-orm\6.1.8\spring-orm-6.1.8.jar;C:\Users\ikkiv\.m2\repository\org\springframework\spring-aspects\6.1.8\spring-aspects-6.1.8.jar;"/>
    <property name="sun.cpu.endian" value="little"/>
    <property name="user.home" value="C:\Users\ikkiv"/>
    <property name="user.language" value="en"/>
    <property name="java.specification.vendor" value="Oracle Corporation"/>
    <property name="java.version.date" value="2024-01-16"/>
    <property name="java.home" value="C:\Program Files\Amazon Corretto\jdk21.0.2_13"/>
    <property name="file.separator" value="\"/>
    <property name="basedir" value="c:\Users\ikkiv\Desktop\UCLL\EersteJaar\Semester2\Back-End\Pony Examen Oefening\pony"/>
    <property name="java.vm.compressedOopsMode" value="Zero based"/>
    <property name="line.separator" value="&#10;"/>
    <property name="java.vm.specification.vendor" value="Oracle Corporation"/>
    <property name="java.specification.name" value="Java Platform API Specification"/>
    <property name="FILE_LOG_CHARSET" value="UTF-8"/>
    <property name="java.awt.headless" value="true"/>
    <property name="surefire.real.class.path" value="C:\Users\ikkiv\AppData\Local\Temp\surefire14849724756349856142\surefirebooter-20240609151557635_3.jar"/>
    <property name="user.script" value=""/>
    <property name="sun.management.compiler" value="HotSpot 64-Bit Tiered Compilers"/>
    <property name="java.runtime.version" value="21.0.2+13-LTS"/>
    <property name="user.name" value="ikkiv"/>
    <property name="stdout.encoding" value="Cp1252"/>
    <property name="path.separator" value=";"/>
    <property name="os.version" value="10.0"/>
    <property name="java.runtime.name" value="OpenJDK Runtime Environment"/>
    <property name="file.encoding" value="UTF-8"/>
    <property name="java.vm.name" value="OpenJDK 64-Bit Server VM"/>
    <property name="java.vendor.version" value="Corretto-21.0.2.13.1"/>
    <property name="localRepository" value="C:\Users\ikkiv\.m2\repository"/>
    <property name="java.vendor.url.bug" value="https://github.com/corretto/corretto-21/issues/"/>
    <property name="java.io.tmpdir" value="C:\Users\ikkiv\AppData\Local\Temp\"/>
    <property name="catalina.home" value="C:\Users\ikkiv\AppData\Local\Temp\tomcat.0.9164063532821534477"/>
    <property name="com.zaxxer.hikari.pool_number" value="1"/>
    <property name="java.version" value="21.0.2"/>
    <property name="user.dir" value="c:\Users\ikkiv\Desktop\UCLL\EersteJaar\Semester2\Back-End\Pony Examen Oefening\pony"/>
    <property name="os.arch" value="amd64"/>
    <property name="java.vm.specification.name" value="Java Virtual Machine Specification"/>
    <property name="PID" value="10488"/>
    <property name="user.language.format" value="nl"/>
    <property name="sun.os.patch.level" value=""/>
    <property name="CONSOLE_LOG_CHARSET" value="UTF-8"/>
    <property name="catalina.base" value="C:\Users\ikkiv\AppData\Local\Temp\tomcat.0.9164063532821534477"/>
    <property name="native.encoding" value="Cp1252"/>
    <property name="java.library.path" value="C:\Program Files\Amazon Corretto\jdk21.0.2_13\bin;C:\Windows\Sun\Java\bin;C:\Windows\system32;C:\Windows;C:\Program Files (x86)\Common Files\Oracle\Java\java8path;C:\Program Files (x86)\Common Files\Oracle\Java\javapath;C:\Program Files\Amazon Corretto\jdk21.0.2_13\bin;C:\Program Files (x86)\VMware\VMware Workstation\bin\;C:\Windows\system32;C:\Windows;C:\Windows\System32\Wbem;C:\Windows\System32\WindowsPowerShell\v1.0\;C:\Windows\System32\OpenSSH\;C:\Program Files\Git\cmd;C:\Users\ikkiv\AppData\Roaming\nvm;C:\Program Files\nodejs;C:\Program Files\PuTTY\;C:\Program Files\apache-maven-3.9.6\bin;C:\Users\ikkiv\AppData\Local\Programs\Python\Python311\Scripts\;C:\Users\ikkiv\AppData\Local\Programs\Python\Python311\;C:\Users\ikkiv\AppData\Local\Microsoft\WindowsApps;C:\Users\ikkiv\AppData\Local\Programs\Microsoft VS Code\bin;c:\users\ikkiv\.local\bin;c:\users\ikkiv\.local\bin;C:\Users\ikkiv\AppData\Roaming\nvm;C:\Program Files\nodejs;."/>
    <property name="java.vm.info" value="mixed mode, sharing"/>
    <property name="stderr.encoding" value="Cp1252"/>
    <property name="java.vendor" value="Amazon.com Inc."/>
    <property name="java.vm.version" value="21.0.2+13-LTS"/>
    <property name="sun.io.unicode.encoding" value="UnicodeLittle"/>
    <property name="java.class.version" value="65.0"/>
  </properties>
  <testcase name="givenStartAnimals_whenGettingAnimalsAboveAge5_thenRightAnimalsAreReturned" classname="be.ucll.integration.AnimalIntegrationTest" time="1.026">
    <system-out><![CDATA[15:15:58.430 [main] INFO org.springframework.test.context.support.AnnotationConfigContextLoaderUtils -- Could not detect default configuration classes for test class [be.ucll.integration.AnimalIntegrationTest]: AnimalIntegrationTest does not declare any static, non-private, non-final, nested classes annotated with @Configuration.
15:15:58.536 [main] INFO org.springframework.boot.test.context.SpringBootTestContextBootstrapper -- Found @SpringBootConfiguration be.ucll.Main for test class be.ucll.integration.AnimalIntegrationTest
15:15:58.725 [main] INFO org.springframework.boot.devtools.restart.RestartApplicationListener -- Restart disabled due to context in which it is running

  .   ____          _            __ _ _
 /\\ / ___'_ __ _ _(_)_ __  __ _ \ \ \ \
( ( )\___ | '_ | '_| | '_ \/ _` | \ \ \ \
 \\/  ___)| |_)| | | | | || (_| |  ) ) ) )
  '  |____| .__|_| |_|_| |_\__, | / / / /
 =========|_|==============|___/=/_/_/_/
 :: Spring Boot ::                (v3.2.6)

2024-06-09T15:15:58.975+02:00  INFO 10488 --- [           main] b.u.integration.AnimalIntegrationTest    : Starting AnimalIntegrationTest using Java 21.0.2 with PID 10488 (started by ikkiv in c:\Users\ikkiv\Desktop\UCLL\EersteJaar\Semester2\Back-End\Pony Examen Oefening\pony)
2024-06-09T15:15:58.976+02:00  INFO 10488 --- [           main] b.u.integration.AnimalIntegrationTest    : No active profile set, falling back to 1 default profile: "default"
2024-06-09T15:16:00.153+02:00  INFO 10488 --- [           main] .s.d.r.c.RepositoryConfigurationDelegate : Multiple Spring Data modules found, entering strict repository configuration mode
2024-06-09T15:16:00.155+02:00  INFO 10488 --- [           main] .s.d.r.c.RepositoryConfigurationDelegate : Bootstrapping Spring Data JDBC repositories in DEFAULT mode.
2024-06-09T15:16:00.189+02:00  INFO 10488 --- [           main] .RepositoryConfigurationExtensionSupport : Spring Data JDBC - Could not safely identify store assignment for repository candidate interface be.ucll.repository.AnimalRepository; If you want this repository to be a JDBC repository, consider annotating your entities with one of these annotations: org.springframework.data.relational.core.mapping.Table.
2024-06-09T15:16:00.191+02:00  INFO 10488 --- [           main] .RepositoryConfigurationExtensionSupport : Spring Data JDBC - Could not safely identify store assignment for repository candidate interface be.ucll.repository.StableRepository; If you want this repository to be a JDBC repository, consider annotating your entities with one of these annotations: org.springframework.data.relational.core.mapping.Table.
2024-06-09T15:16:00.192+02:00  INFO 10488 --- [           main] .RepositoryConfigurationExtensionSupport : Spring Data JDBC - Could not safely identify store assignment for repository candidate interface be.ucll.repository.ToyRepository; If you want this repository to be a JDBC repository, consider annotating your entities with one of these annotations: org.springframework.data.relational.core.mapping.Table.
2024-06-09T15:16:00.192+02:00  INFO 10488 --- [           main] .s.d.r.c.RepositoryConfigurationDelegate : Finished Spring Data repository scanning in 32 ms. Found 0 JDBC repository interfaces.
2024-06-09T15:16:00.203+02:00  INFO 10488 --- [           main] .s.d.r.c.RepositoryConfigurationDelegate : Multiple Spring Data modules found, entering strict repository configuration mode
2024-06-09T15:16:00.203+02:00  INFO 10488 --- [           main] .s.d.r.c.RepositoryConfigurationDelegate : Bootstrapping Spring Data JPA repositories in DEFAULT mode.
2024-06-09T15:16:00.348+02:00  INFO 10488 --- [           main] .s.d.r.c.RepositoryConfigurationDelegate : Finished Spring Data repository scanning in 140 ms. Found 3 JPA repository interfaces.
2024-06-09T15:16:01.703+02:00  INFO 10488 --- [           main] o.s.b.w.embedded.tomcat.TomcatWebServer  : Tomcat initialized with port 0 (http)
2024-06-09T15:16:01.727+02:00  INFO 10488 --- [           main] o.apache.catalina.core.StandardService   : Starting service [Tomcat]
2024-06-09T15:16:01.727+02:00  INFO 10488 --- [           main] o.apache.catalina.core.StandardEngine    : Starting Servlet engine: [Apache Tomcat/10.1.24]
2024-06-09T15:16:01.816+02:00  INFO 10488 --- [           main] o.a.c.c.C.[Tomcat].[localhost].[/]       : Initializing Spring embedded WebApplicationContext
2024-06-09T15:16:01.817+02:00  INFO 10488 --- [           main] w.s.c.ServletWebServerApplicationContext : Root WebApplicationContext: initialization completed in 2828 ms
2024-06-09T15:16:02.055+02:00  INFO 10488 --- [           main] com.zaxxer.hikari.HikariDataSource       : HikariPool-1 - Starting...
2024-06-09T15:16:02.335+02:00  INFO 10488 --- [           main] com.zaxxer.hikari.pool.HikariPool        : HikariPool-1 - Added connection conn0: url=jdbc:h2:mem:pony user=SA
2024-06-09T15:16:02.339+02:00  INFO 10488 --- [           main] com.zaxxer.hikari.HikariDataSource       : HikariPool-1 - Start completed.
2024-06-09T15:16:02.354+02:00  INFO 10488 --- [           main] o.s.b.a.h2.H2ConsoleAutoConfiguration    : H2 console available at '/h2'. Database available at 'jdbc:h2:mem:pony'
2024-06-09T15:16:02.820+02:00  INFO 10488 --- [           main] o.hibernate.jpa.internal.util.LogHelper  : HHH000204: Processing PersistenceUnitInfo [name: default]
2024-06-09T15:16:02.952+02:00  INFO 10488 --- [           main] org.hibernate.Version                    : HHH000412: Hibernate ORM core version 6.4.8.Final
2024-06-09T15:16:03.003+02:00  INFO 10488 --- [           main] o.h.c.internal.RegionFactoryInitiator    : HHH000026: Second-level cache disabled
2024-06-09T15:16:03.267+02:00  INFO 10488 --- [           main] o.s.o.j.p.SpringPersistenceUnitInfo      : No LoadTimeWeaver setup: ignoring JPA class transformer
2024-06-09T15:16:03.305+02:00  WARN 10488 --- [           main] org.hibernate.orm.deprecation            : HHH90000025: H2Dialect does not need to be specified explicitly using 'hibernate.dialect' (remove the property setting and it will be selected by default)
2024-06-09T15:16:04.238+02:00  INFO 10488 --- [           main] o.h.e.t.j.p.i.JtaPlatformInitiator       : HHH000489: No JTA platform available (set 'hibernate.transaction.jta.platform' to enable JTA platform integration)
2024-06-09T15:16:04.242+02:00  INFO 10488 --- [           main] j.LocalContainerEntityManagerFactoryBean : Initialized JPA EntityManagerFactory for persistence unit 'default'
Hibernate: insert into my_animals (age,name,stable_id,id) values (?,?,?,default)
Hibernate: insert into my_animals (age,name,stable_id,id) values (?,?,?,default)
Hibernate: insert into my_animals (age,name,stable_id,id) values (?,?,?,default)
Hibernate: insert into my_animals (age,name,stable_id,id) values (?,?,?,default)
Hibernate: insert into my_toys (name,id) values (?,default)
Hibernate: insert into my_toys (name,id) values (?,default)
Hibernate: insert into my_stables (address_id,capacity,name,id) values (?,?,?,default)
Hibernate: insert into my_stables (address_id,capacity,name,id) values (?,?,?,default)
Hibernate: update my_animals set stable_id=? where id=?
Hibernate: insert into my_stables (address_id,capacity,name,id) values (?,?,?,default)
Hibernate: update my_animals set stable_id=? where id=?
2024-06-09T15:16:05.155+02:00  WARN 10488 --- [           main] JpaBaseConfiguration$JpaWebConfiguration : spring.jpa.open-in-view is enabled by default. Therefore, database queries may be performed during view rendering. Explicitly configure spring.jpa.open-in-view to disable this warning
2024-06-09T15:16:06.364+02:00  INFO 10488 --- [           main] o.s.b.a.e.web.EndpointLinksResolver      : Exposing 1 endpoint(s) beneath base path '/actuator'
2024-06-09T15:16:06.519+02:00  INFO 10488 --- [           main] o.s.b.w.embedded.tomcat.TomcatWebServer  : Tomcat started on port 62261 (http) with context path ''
2024-06-09T15:16:06.532+02:00  INFO 10488 --- [           main] b.u.integration.AnimalIntegrationTest    : Started AnimalIntegrationTest in 7.821 seconds (process running for 8.791)
Hibernate: insert into my_animals (age,name,stable_id,id) values (?,?,?,default)
Hibernate: insert into my_animals (age,name,stable_id,id) values (?,?,?,default)
Hibernate: insert into my_animals (age,name,stable_id,id) values (?,?,?,default)
Hibernate: insert into my_animals (age,name,stable_id,id) values (?,?,?,default)
Hibernate: insert into my_toys (name,id) values (?,default)
Hibernate: insert into my_toys (name,id) values (?,default)
Hibernate: insert into my_stables (address_id,capacity,name,id) values (?,?,?,default)
Hibernate: insert into my_stables (address_id,capacity,name,id) values (?,?,?,default)
Hibernate: update my_animals set stable_id=? where id=?
Hibernate: insert into my_stables (address_id,capacity,name,id) values (?,?,?,default)
Hibernate: update my_animals set stable_id=? where id=?
2024-06-09T15:16:07.529+02:00  INFO 10488 --- [o-auto-1-exec-1] o.a.c.c.C.[Tomcat].[localhost].[/]       : Initializing Spring DispatcherServlet 'dispatcherServlet'
2024-06-09T15:16:07.529+02:00  INFO 10488 --- [o-auto-1-exec-1] o.s.web.servlet.DispatcherServlet        : Initializing Servlet 'dispatcherServlet'
2024-06-09T15:16:07.530+02:00  INFO 10488 --- [o-auto-1-exec-1] o.s.web.servlet.DispatcherServlet        : Completed initialization in 1 ms
Hibernate: select a1_0.id,a1_0.age,a1_0.name,a1_0.stable_id from my_animals a1_0 where a1_0.age>?
Hibernate: select s1_0.id,a1_0.id,a1_0.number,a1_0.place,a1_0.street,s1_0.capacity,s1_0.name from my_stables s1_0 left join my_addresses a1_0 on a1_0.id=s1_0.address_id where s1_0.id=?
Hibernate: select t1_0.animal_id,t1_1.id,t1_1.name from animals_toys t1_0 join my_toys t1_1 on t1_1.id=t1_0.toy_id where t1_0.animal_id=?
Hibernate: select t1_0.animal_id,t1_1.id,t1_1.name from animals_toys t1_0 join my_toys t1_1 on t1_1.id=t1_0.toy_id where t1_0.animal_id=?
]]></system-out>
    <system-err><![CDATA[WARNING: A Java agent has been loaded dynamically (C:\Users\ikkiv\.m2\repository\net\bytebuddy\byte-buddy-agent\1.14.16\byte-buddy-agent-1.14.16.jar)
WARNING: If a serviceability tool is in use, please run with -XX:+EnableDynamicAgentLoading to hide this warning
WARNING: If a serviceability tool is not in use, please run with -Djdk.instrument.traceUsage for more information
WARNING: Dynamic loading of agents will be disallowed by default in a future release
]]></system-err>
  </testcase>
  <testcase name="givenStartAnimals_whenGettingAllAnimals_thenAnimalsAreReturned" classname="be.ucll.integration.AnimalIntegrationTest" time="0.046">
    <system-out><![CDATA[Hibernate: insert into my_animals (age,name,stable_id,id) values (?,?,?,default)
Hibernate: insert into my_animals (age,name,stable_id,id) values (?,?,?,default)
Hibernate: insert into my_animals (age,name,stable_id,id) values (?,?,?,default)
Hibernate: insert into my_animals (age,name,stable_id,id) values (?,?,?,default)
Hibernate: insert into my_toys (name,id) values (?,default)
Hibernate: insert into my_toys (name,id) values (?,default)
Hibernate: insert into my_stables (address_id,capacity,name,id) values (?,?,?,default)
Hibernate: insert into my_stables (address_id,capacity,name,id) values (?,?,?,default)
Hibernate: update my_animals set stable_id=? where id=?
Hibernate: insert into my_stables (address_id,capacity,name,id) values (?,?,?,default)
Hibernate: update my_animals set stable_id=? where id=?
Hibernate: select a1_0.id,a1_0.age,a1_0.name,a1_0.stable_id from my_animals a1_0
Hibernate: select s1_0.id,a1_0.id,a1_0.number,a1_0.place,a1_0.street,s1_0.capacity,s1_0.name from my_stables s1_0 left join my_addresses a1_0 on a1_0.id=s1_0.address_id where s1_0.id=?
Hibernate: select s1_0.id,a1_0.id,a1_0.number,a1_0.place,a1_0.street,s1_0.capacity,s1_0.name from my_stables s1_0 left join my_addresses a1_0 on a1_0.id=s1_0.address_id where s1_0.id=?
Hibernate: select t1_0.animal_id,t1_1.id,t1_1.name from animals_toys t1_0 join my_toys t1_1 on t1_1.id=t1_0.toy_id where t1_0.animal_id=?
Hibernate: select t1_0.animal_id,t1_1.id,t1_1.name from animals_toys t1_0 join my_toys t1_1 on t1_1.id=t1_0.toy_id where t1_0.animal_id=?
Hibernate: select t1_0.animal_id,t1_1.id,t1_1.name from animals_toys t1_0 join my_toys t1_1 on t1_1.id=t1_0.toy_id where t1_0.animal_id=?
Hibernate: select t1_0.animal_id,t1_1.id,t1_1.name from animals_toys t1_0 join my_toys t1_1 on t1_1.id=t1_0.toy_id where t1_0.animal_id=?
]]></system-out>
  </testcase>
  <testcase name="givenStartAnimals_whenGettingOldestAnimal_thenBellaIsReturned" classname="be.ucll.integration.AnimalIntegrationTest" time="0.064">
    <system-out><![CDATA[Hibernate: insert into my_animals (age,name,stable_id,id) values (?,?,?,default)
Hibernate: insert into my_animals (age,name,stable_id,id) values (?,?,?,default)
Hibernate: insert into my_animals (age,name,stable_id,id) values (?,?,?,default)
Hibernate: insert into my_animals (age,name,stable_id,id) values (?,?,?,default)
Hibernate: insert into my_toys (name,id) values (?,default)
Hibernate: insert into my_toys (name,id) values (?,default)
Hibernate: insert into my_stables (address_id,capacity,name,id) values (?,?,?,default)
Hibernate: insert into my_stables (address_id,capacity,name,id) values (?,?,?,default)
Hibernate: update my_animals set stable_id=? where id=?
Hibernate: insert into my_stables (address_id,capacity,name,id) values (?,?,?,default)
Hibernate: update my_animals set stable_id=? where id=?
Hibernate: select a1_0.id,a1_0.age,a1_0.name,a1_0.stable_id from my_animals a1_0 order by a1_0.age desc fetch first ? rows only
Hibernate: select t1_0.animal_id,t1_1.id,t1_1.name from animals_toys t1_0 join my_toys t1_1 on t1_1.id=t1_0.toy_id where t1_0.animal_id=?
]]></system-out>
  </testcase>
</testsuite>